04:16:34 **** Build of configuration Debug for project PyJRNN ****
make all 
Building file: /Users/jreeder/Code/JRNN/src/PyJRNN/utility/pycsmtldataset.cpp
Invoking: GCC C++ Compiler
g++ -DJRNN_USE_NUMPY_FOR_PYTHON_BINDING -I"/Users/jreeder/Code/JRNN/include/JRNN" -I"/Users/jreeder/Code/JRNN/include/PyJRNN" -I/usr/local/include/python2.7 -I/Users/jreeder/Code/json-spirit/json_spirit -I/usr/local/lib/python2.7/site-packages/PyUblas-2011.1-py2.7-macosx-10.8-x86_64.egg/include -I/Users/jreeder/Code/src/numpy/numpy/core/include -O0 -g3 -Wall -c -fmessage-length=0 -MMD -MP -MF"src/utility/pycsmtldataset.d" -MT"src/utility/pycsmtldataset.d" -o "src/utility/pycsmtldataset.o" "/Users/jreeder/Code/JRNN/src/PyJRNN/utility/pycsmtldataset.cpp"
In file included from /Users/jreeder/Code/src/numpy/numpy/core/include/numpy/ndarraytypes.h:1725,
                 from /Users/jreeder/Code/src/numpy/numpy/core/include/numpy/ndarrayobject.h:17,
                 from /Users/jreeder/Code/src/numpy/numpy/core/include/numpy/arrayobject.h:15,
                 from /usr/local/lib/python2.7/site-packages/PyUblas-2011.1-py2.7-macosx-10.8-x86_64.egg/include/pyublas/numpy.hpp:40,
                 from /Users/jreeder/Code/JRNN/include/JRNN/JRNN.h:40,
                 from /Users/jreeder/Code/JRNN/include/JRNN/utility/csmtldataset.h:14,
                 from /Users/jreeder/Code/JRNN/src/PyJRNN/utility/pycsmtldataset.cpp:10:
/Users/jreeder/Code/src/numpy/numpy/core/include/numpy/npy_deprecated_api.h:11:2: warning: #warning "Using deprecated NumPy API, disable it by #defining NPY_NO_DEPRECATED_API NPY_1_7_API_VERSION"
In file included from /Users/jreeder/Code/JRNN/include/JRNN/JRNN.h:93,
                 from /Users/jreeder/Code/JRNN/include/JRNN/utility/csmtldataset.h:14,
                 from /Users/jreeder/Code/JRNN/src/PyJRNN/utility/pycsmtldataset.cpp:10:
/Users/jreeder/Code/JRNN/include/JRNN/utility/utility.h: In function 'JRNN::vecDouble JRNN::ConcatVec(JRNN::vecDouble, JRNN::vecDouble)':
/Users/jreeder/Code/JRNN/include/JRNN/utility/utility.h:89: warning: unused variable 'newSize'
Finished building: /Users/jreeder/Code/JRNN/src/PyJRNN/utility/pycsmtldataset.cpp
 
Building file: /Users/jreeder/Code/JRNN/src/PyJRNN/utility/pydataset.cpp
Invoking: GCC C++ Compiler
g++ -DJRNN_USE_NUMPY_FOR_PYTHON_BINDING -I"/Users/jreeder/Code/JRNN/include/JRNN" -I"/Users/jreeder/Code/JRNN/include/PyJRNN" -I/usr/local/include/python2.7 -I/Users/jreeder/Code/json-spirit/json_spirit -I/usr/local/lib/python2.7/site-packages/PyUblas-2011.1-py2.7-macosx-10.8-x86_64.egg/include -I/Users/jreeder/Code/src/numpy/numpy/core/include -O0 -g3 -Wall -c -fmessage-length=0 -MMD -MP -MF"src/utility/pydataset.d" -MT"src/utility/pydataset.d" -o "src/utility/pydataset.o" "/Users/jreeder/Code/JRNN/src/PyJRNN/utility/pydataset.cpp"
In file included from /Users/jreeder/Code/src/numpy/numpy/core/include/numpy/ndarraytypes.h:1725,
                 from /Users/jreeder/Code/src/numpy/numpy/core/include/numpy/ndarrayobject.h:17,
                 from /Users/jreeder/Code/src/numpy/numpy/core/include/numpy/arrayobject.h:15,
                 from /usr/local/lib/python2.7/site-packages/PyUblas-2011.1-py2.7-macosx-10.8-x86_64.egg/include/pyublas/numpy.hpp:40,
                 from /Users/jreeder/Code/JRNN/include/JRNN/JRNN.h:40,
                 from /Users/jreeder/Code/JRNN/include/JRNN/utility/dataset.h:11,
                 from /Users/jreeder/Code/JRNN/src/PyJRNN/utility/pydataset.cpp:11:
/Users/jreeder/Code/src/numpy/numpy/core/include/numpy/npy_deprecated_api.h:11:2: warning: #warning "Using deprecated NumPy API, disable it by #defining NPY_NO_DEPRECATED_API NPY_1_7_API_VERSION"
In file included from /Users/jreeder/Code/JRNN/include/JRNN/JRNN.h:93,
                 from /Users/jreeder/Code/JRNN/include/JRNN/utility/dataset.h:11,
                 from /Users/jreeder/Code/JRNN/src/PyJRNN/utility/pydataset.cpp:11:
/Users/jreeder/Code/JRNN/include/JRNN/utility/utility.h: In function 'JRNN::vecDouble JRNN::ConcatVec(JRNN::vecDouble, JRNN::vecDouble)':
/Users/jreeder/Code/JRNN/include/JRNN/utility/utility.h:89: warning: unused variable 'newSize'
Finished building: /Users/jreeder/Code/JRNN/src/PyJRNN/utility/pydataset.cpp
 
Building file: /Users/jreeder/Code/JRNN/src/PyJRNN/utility/pymtldataset.cpp
Invoking: GCC C++ Compiler
g++ -DJRNN_USE_NUMPY_FOR_PYTHON_BINDING -I"/Users/jreeder/Code/JRNN/include/JRNN" -I"/Users/jreeder/Code/JRNN/include/PyJRNN" -I/usr/local/include/python2.7 -I/Users/jreeder/Code/json-spirit/json_spirit -I/usr/local/lib/python2.7/site-packages/PyUblas-2011.1-py2.7-macosx-10.8-x86_64.egg/include -I/Users/jreeder/Code/src/numpy/numpy/core/include -O0 -g3 -Wall -c -fmessage-length=0 -MMD -MP -MF"src/utility/pymtldataset.d" -MT"src/utility/pymtldataset.d" -o "src/utility/pymtldataset.o" "/Users/jreeder/Code/JRNN/src/PyJRNN/utility/pymtldataset.cpp"
In file included from /Users/jreeder/Code/src/numpy/numpy/core/include/numpy/ndarraytypes.h:1725,
                 from /Users/jreeder/Code/src/numpy/numpy/core/include/numpy/ndarrayobject.h:17,
                 from /Users/jreeder/Code/src/numpy/numpy/core/include/numpy/arrayobject.h:15,
                 from /usr/local/lib/python2.7/site-packages/PyUblas-2011.1-py2.7-macosx-10.8-x86_64.egg/include/pyublas/numpy.hpp:40,
                 from /Users/jreeder/Code/JRNN/include/JRNN/JRNN.h:40,
                 from /Users/jreeder/Code/JRNN/include/JRNN/utility/mtldataset.h:12,
                 from /Users/jreeder/Code/JRNN/src/PyJRNN/utility/pymtldataset.cpp:13:
/Users/jreeder/Code/src/numpy/numpy/core/include/numpy/npy_deprecated_api.h:11:2: warning: #warning "Using deprecated NumPy API, disable it by #defining NPY_NO_DEPRECATED_API NPY_1_7_API_VERSION"
In file included from /Users/jreeder/Code/JRNN/include/JRNN/JRNN.h:93,
                 from /Users/jreeder/Code/JRNN/include/JRNN/utility/mtldataset.h:12,
                 from /Users/jreeder/Code/JRNN/src/PyJRNN/utility/pymtldataset.cpp:13:
/Users/jreeder/Code/JRNN/include/JRNN/utility/utility.h: In function 'JRNN::vecDouble JRNN::ConcatVec(JRNN::vecDouble, JRNN::vecDouble)':
/Users/jreeder/Code/JRNN/include/JRNN/utility/utility.h:89: warning: unused variable 'newSize'
Finished building: /Users/jreeder/Code/JRNN/src/PyJRNN/utility/pymtldataset.cpp
 
Building file: /Users/jreeder/Code/JRNN/src/PyJRNN/utility/pyserialization.cpp
Invoking: GCC C++ Compiler
g++ -DJRNN_USE_NUMPY_FOR_PYTHON_BINDING -I"/Users/jreeder/Code/JRNN/include/JRNN" -I"/Users/jreeder/Code/JRNN/include/PyJRNN" -I/usr/local/include/python2.7 -I/Users/jreeder/Code/json-spirit/json_spirit -I/usr/local/lib/python2.7/site-packages/PyUblas-2011.1-py2.7-macosx-10.8-x86_64.egg/include -I/Users/jreeder/Code/src/numpy/numpy/core/include -O0 -g3 -Wall -c -fmessage-length=0 -MMD -MP -MF"src/utility/pyserialization.d" -MT"src/utility/pyserialization.d" -o "src/utility/pyserialization.o" "/Users/jreeder/Code/JRNN/src/PyJRNN/utility/pyserialization.cpp"
In file included from /Users/jreeder/Code/src/numpy/numpy/core/include/numpy/ndarraytypes.h:1725,
                 from /Users/jreeder/Code/src/numpy/numpy/core/include/numpy/ndarrayobject.h:17,
                 from /Users/jreeder/Code/src/numpy/numpy/core/include/numpy/arrayobject.h:15,
                 from /usr/local/lib/python2.7/site-packages/PyUblas-2011.1-py2.7-macosx-10.8-x86_64.egg/include/pyublas/numpy.hpp:40,
                 from /Users/jreeder/Code/JRNN/include/JRNN/JRNN.h:40,
                 from /Users/jreeder/Code/JRNN/include/JRNN/utility/serialization.h:12,
                 from /Users/jreeder/Code/JRNN/src/PyJRNN/utility/pyserialization.cpp:10:
/Users/jreeder/Code/src/numpy/numpy/core/include/numpy/npy_deprecated_api.h:11:2: warning: #warning "Using deprecated NumPy API, disable it by #defining NPY_NO_DEPRECATED_API NPY_1_7_API_VERSION"
In file included from /Users/jreeder/Code/JRNN/include/JRNN/JRNN.h:93,
                 from /Users/jreeder/Code/JRNN/include/JRNN/utility/serialization.h:12,
                 from /Users/jreeder/Code/JRNN/src/PyJRNN/utility/pyserialization.cpp:10:
/Users/jreeder/Code/JRNN/include/JRNN/utility/utility.h: In function 'JRNN::vecDouble JRNN::ConcatVec(JRNN::vecDouble, JRNN::vecDouble)':
/Users/jreeder/Code/JRNN/include/JRNN/utility/utility.h:89: warning: unused variable 'newSize'
Finished building: /Users/jreeder/Code/JRNN/src/PyJRNN/utility/pyserialization.cpp
 
Building file: /Users/jreeder/Code/JRNN/src/PyJRNN/trainers/pybackproptrainer.cpp
Invoking: GCC C++ Compiler
g++ -DJRNN_USE_NUMPY_FOR_PYTHON_BINDING -I"/Users/jreeder/Code/JRNN/include/JRNN" -I"/Users/jreeder/Code/JRNN/include/PyJRNN" -I/usr/local/include/python2.7 -I/Users/jreeder/Code/json-spirit/json_spirit -I/usr/local/lib/python2.7/site-packages/PyUblas-2011.1-py2.7-macosx-10.8-x86_64.egg/include -I/Users/jreeder/Code/src/numpy/numpy/core/include -O0 -g3 -Wall -c -fmessage-length=0 -MMD -MP -MF"src/trainers/pybackproptrainer.d" -MT"src/trainers/pybackproptrainer.d" -o "src/trainers/pybackproptrainer.o" "/Users/jreeder/Code/JRNN/src/PyJRNN/trainers/pybackproptrainer.cpp"
In file included from /Users/jreeder/Code/src/numpy/numpy/core/include/numpy/ndarraytypes.h:1725,
                 from /Users/jreeder/Code/src/numpy/numpy/core/include/numpy/ndarrayobject.h:17,
                 from /Users/jreeder/Code/src/numpy/numpy/core/include/numpy/arrayobject.h:15,
                 from /usr/local/lib/python2.7/site-packages/PyUblas-2011.1-py2.7-macosx-10.8-x86_64.egg/include/pyublas/numpy.hpp:40,
                 from /Users/jreeder/Code/JRNN/include/JRNN/JRNN.h:40,
                 from /Users/jreeder/Code/JRNN/include/JRNN/trainers/BackPropTrainer.h:11,
                 from /Users/jreeder/Code/JRNN/src/PyJRNN/trainers/pybackproptrainer.cpp:12:
/Users/jreeder/Code/src/numpy/numpy/core/include/numpy/npy_deprecated_api.h:11:2: warning: #warning "Using deprecated NumPy API, disable it by #defining NPY_NO_DEPRECATED_API NPY_1_7_API_VERSION"
In file included from /Users/jreeder/Code/JRNN/include/JRNN/JRNN.h:93,
                 from /Users/jreeder/Code/JRNN/include/JRNN/trainers/BackPropTrainer.h:11,
                 from /Users/jreeder/Code/JRNN/src/PyJRNN/trainers/pybackproptrainer.cpp:12:
/Users/jreeder/Code/JRNN/include/JRNN/utility/utility.h: In function 'JRNN::vecDouble JRNN::ConcatVec(JRNN::vecDouble, JRNN::vecDouble)':
/Users/jreeder/Code/JRNN/include/JRNN/utility/utility.h:89: warning: unused variable 'newSize'
Finished building: /Users/jreeder/Code/JRNN/src/PyJRNN/trainers/pybackproptrainer.cpp
 
Building file: /Users/jreeder/Code/JRNN/src/PyJRNN/trainers/pycctrainer.cpp
Invoking: GCC C++ Compiler
g++ -DJRNN_USE_NUMPY_FOR_PYTHON_BINDING -I"/Users/jreeder/Code/JRNN/include/JRNN" -I"/Users/jreeder/Code/JRNN/include/PyJRNN" -I/usr/local/include/python2.7 -I/Users/jreeder/Code/json-spirit/json_spirit -I/usr/local/lib/python2.7/site-packages/PyUblas-2011.1-py2.7-macosx-10.8-x86_64.egg/include -I/Users/jreeder/Code/src/numpy/numpy/core/include -O0 -g3 -Wall -c -fmessage-length=0 -MMD -MP -MF"src/trainers/pycctrainer.d" -MT"src/trainers/pycctrainer.d" -o "src/trainers/pycctrainer.o" "/Users/jreeder/Code/JRNN/src/PyJRNN/trainers/pycctrainer.cpp"
In file included from /Users/jreeder/Code/src/numpy/numpy/core/include/numpy/ndarraytypes.h:1725,
                 from /Users/jreeder/Code/src/numpy/numpy/core/include/numpy/ndarrayobject.h:17,
                 from /Users/jreeder/Code/src/numpy/numpy/core/include/numpy/arrayobject.h:15,
                 from /usr/local/lib/python2.7/site-packages/PyUblas-2011.1-py2.7-macosx-10.8-x86_64.egg/include/pyublas/numpy.hpp:40,
                 from /Users/jreeder/Code/JRNN/include/JRNN/JRNN.h:40,
                 from /Users/jreeder/Code/JRNN/include/JRNN/trainers/CCTrainer.h:11,
                 from /Users/jreeder/Code/JRNN/src/PyJRNN/trainers/pycctrainer.cpp:10:
/Users/jreeder/Code/src/numpy/numpy/core/include/numpy/npy_deprecated_api.h:11:2: warning: #warning "Using deprecated NumPy API, disable it by #defining NPY_NO_DEPRECATED_API NPY_1_7_API_VERSION"
In file included from /Users/jreeder/Code/JRNN/include/JRNN/JRNN.h:93,
                 from /Users/jreeder/Code/JRNN/include/JRNN/trainers/CCTrainer.h:11,
                 from /Users/jreeder/Code/JRNN/src/PyJRNN/trainers/pycctrainer.cpp:10:
/Users/jreeder/Code/JRNN/include/JRNN/utility/utility.h: In function 'JRNN::vecDouble JRNN::ConcatVec(JRNN::vecDouble, JRNN::vecDouble)':
/Users/jreeder/Code/JRNN/include/JRNN/utility/utility.h:89: warning: unused variable 'newSize'
Finished building: /Users/jreeder/Code/JRNN/src/PyJRNN/trainers/pycctrainer.cpp
 
Building file: /Users/jreeder/Code/JRNN/src/PyJRNN/trainers/pyrevcctrainer.cpp
Invoking: GCC C++ Compiler
g++ -DJRNN_USE_NUMPY_FOR_PYTHON_BINDING -I"/Users/jreeder/Code/JRNN/include/JRNN" -I"/Users/jreeder/Code/JRNN/include/PyJRNN" -I/usr/local/include/python2.7 -I/Users/jreeder/Code/json-spirit/json_spirit -I/usr/local/lib/python2.7/site-packages/PyUblas-2011.1-py2.7-macosx-10.8-x86_64.egg/include -I/Users/jreeder/Code/src/numpy/numpy/core/include -O0 -g3 -Wall -c -fmessage-length=0 -MMD -MP -MF"src/trainers/pyrevcctrainer.d" -MT"src/trainers/pyrevcctrainer.d" -o "src/trainers/pyrevcctrainer.o" "/Users/jreeder/Code/JRNN/src/PyJRNN/trainers/pyrevcctrainer.cpp"
In file included from /Users/jreeder/Code/src/numpy/numpy/core/include/numpy/ndarraytypes.h:1725,
                 from /Users/jreeder/Code/src/numpy/numpy/core/include/numpy/ndarrayobject.h:17,
                 from /Users/jreeder/Code/src/numpy/numpy/core/include/numpy/arrayobject.h:15,
                 from /usr/local/lib/python2.7/site-packages/PyUblas-2011.1-py2.7-macosx-10.8-x86_64.egg/include/pyublas/numpy.hpp:40,
                 from /Users/jreeder/Code/JRNN/include/JRNN/JRNN.h:40,
                 from /Users/jreeder/Code/JRNN/include/JRNN/trainers/RevCCTrainer.h:14,
                 from /Users/jreeder/Code/JRNN/src/PyJRNN/trainers/pyrevcctrainer.cpp:10:
/Users/jreeder/Code/src/numpy/numpy/core/include/numpy/npy_deprecated_api.h:11:2: warning: #warning "Using deprecated NumPy API, disable it by #defining NPY_NO_DEPRECATED_API NPY_1_7_API_VERSION"
In file included from /Users/jreeder/Code/JRNN/include/JRNN/JRNN.h:93,
                 from /Users/jreeder/Code/JRNN/include/JRNN/trainers/RevCCTrainer.h:14,
                 from /Users/jreeder/Code/JRNN/src/PyJRNN/trainers/pyrevcctrainer.cpp:10:
/Users/jreeder/Code/JRNN/include/JRNN/utility/utility.h: In function 'JRNN::vecDouble JRNN::ConcatVec(JRNN::vecDouble, JRNN::vecDouble)':
/Users/jreeder/Code/JRNN/include/JRNN/utility/utility.h:89: warning: unused variable 'newSize'
Finished building: /Users/jreeder/Code/JRNN/src/PyJRNN/trainers/pyrevcctrainer.cpp
 
Building file: /Users/jreeder/Code/JRNN/src/PyJRNN/trainers/pyrproptrainer.cpp
Invoking: GCC C++ Compiler
g++ -DJRNN_USE_NUMPY_FOR_PYTHON_BINDING -I"/Users/jreeder/Code/JRNN/include/JRNN" -I"/Users/jreeder/Code/JRNN/include/PyJRNN" -I/usr/local/include/python2.7 -I/Users/jreeder/Code/json-spirit/json_spirit -I/usr/local/lib/python2.7/site-packages/PyUblas-2011.1-py2.7-macosx-10.8-x86_64.egg/include -I/Users/jreeder/Code/src/numpy/numpy/core/include -O0 -g3 -Wall -c -fmessage-length=0 -MMD -MP -MF"src/trainers/pyrproptrainer.d" -MT"src/trainers/pyrproptrainer.d" -o "src/trainers/pyrproptrainer.o" "/Users/jreeder/Code/JRNN/src/PyJRNN/trainers/pyrproptrainer.cpp"
In file included from /Users/jreeder/Code/src/numpy/numpy/core/include/numpy/ndarraytypes.h:1725,
                 from /Users/jreeder/Code/src/numpy/numpy/core/include/numpy/ndarrayobject.h:17,
                 from /Users/jreeder/Code/src/numpy/numpy/core/include/numpy/arrayobject.h:15,
                 from /usr/local/lib/python2.7/site-packages/PyUblas-2011.1-py2.7-macosx-10.8-x86_64.egg/include/pyublas/numpy.hpp:40,
                 from /Users/jreeder/Code/JRNN/include/JRNN/JRNN.h:40,
                 from /Users/jreeder/Code/JRNN/include/JRNN/trainers/RPropTrainer.h:11,
                 from /Users/jreeder/Code/JRNN/src/PyJRNN/trainers/pyrproptrainer.cpp:11:
/Users/jreeder/Code/src/numpy/numpy/core/include/numpy/npy_deprecated_api.h:11:2: warning: #warning "Using deprecated NumPy API, disable it by #defining NPY_NO_DEPRECATED_API NPY_1_7_API_VERSION"
In file included from /Users/jreeder/Code/JRNN/include/JRNN/JRNN.h:93,
                 from /Users/jreeder/Code/JRNN/include/JRNN/trainers/RPropTrainer.h:11,
                 from /Users/jreeder/Code/JRNN/src/PyJRNN/trainers/pyrproptrainer.cpp:11:
/Users/jreeder/Code/JRNN/include/JRNN/utility/utility.h: In function 'JRNN::vecDouble JRNN::ConcatVec(JRNN::vecDouble, JRNN::vecDouble)':
/Users/jreeder/Code/JRNN/include/JRNN/utility/utility.h:89: warning: unused variable 'newSize'
Finished building: /Users/jreeder/Code/JRNN/src/PyJRNN/trainers/pyrproptrainer.cpp
 
Building file: /Users/jreeder/Code/JRNN/src/PyJRNN/networks/pyccnetwork.cpp
Invoking: GCC C++ Compiler
g++ -DJRNN_USE_NUMPY_FOR_PYTHON_BINDING -I"/Users/jreeder/Code/JRNN/include/JRNN" -I"/Users/jreeder/Code/JRNN/include/PyJRNN" -I/usr/local/include/python2.7 -I/Users/jreeder/Code/json-spirit/json_spirit -I/usr/local/lib/python2.7/site-packages/PyUblas-2011.1-py2.7-macosx-10.8-x86_64.egg/include -I/Users/jreeder/Code/src/numpy/numpy/core/include -O0 -g3 -Wall -c -fmessage-length=0 -MMD -MP -MF"src/networks/pyccnetwork.d" -MT"src/networks/pyccnetwork.d" -o "src/networks/pyccnetwork.o" "/Users/jreeder/Code/JRNN/src/PyJRNN/networks/pyccnetwork.cpp"
In file included from /Users/jreeder/Code/src/numpy/numpy/core/include/numpy/ndarraytypes.h:1725,
                 from /Users/jreeder/Code/src/numpy/numpy/core/include/numpy/ndarrayobject.h:17,
                 from /Users/jreeder/Code/src/numpy/numpy/core/include/numpy/arrayobject.h:15,
                 from /usr/local/lib/python2.7/site-packages/PyUblas-2011.1-py2.7-macosx-10.8-x86_64.egg/include/pyublas/numpy.hpp:40,
                 from /Users/jreeder/Code/JRNN/include/JRNN/JRNN.h:40,
                 from /Users/jreeder/Code/JRNN/include/JRNN/structure/network.h:11,
                 from /Users/jreeder/Code/JRNN/include/PyJRNN/networks/pynetworkshelper.h:16,
                 from /Users/jreeder/Code/JRNN/src/PyJRNN/networks/pyccnetwork.cpp:10:
/Users/jreeder/Code/src/numpy/numpy/core/include/numpy/npy_deprecated_api.h:11:2: warning: #warning "Using deprecated NumPy API, disable it by #defining NPY_NO_DEPRECATED_API NPY_1_7_API_VERSION"
In file included from /Users/jreeder/Code/JRNN/include/JRNN/JRNN.h:93,
                 from /Users/jreeder/Code/JRNN/include/JRNN/structure/network.h:11,
                 from /Users/jreeder/Code/JRNN/include/PyJRNN/networks/pynetworkshelper.h:16,
                 from /Users/jreeder/Code/JRNN/src/PyJRNN/networks/pyccnetwork.cpp:10:
/Users/jreeder/Code/JRNN/include/JRNN/utility/utility.h: In function 'JRNN::vecDouble JRNN::ConcatVec(JRNN::vecDouble, JRNN::vecDouble)':
/Users/jreeder/Code/JRNN/include/JRNN/utility/utility.h:89: warning: unused variable 'newSize'
Finished building: /Users/jreeder/Code/JRNN/src/PyJRNN/networks/pyccnetwork.cpp
 
Building file: /Users/jreeder/Code/JRNN/src/PyJRNN/networks/pyffmlpnetwork.cpp
Invoking: GCC C++ Compiler
g++ -DJRNN_USE_NUMPY_FOR_PYTHON_BINDING -I"/Users/jreeder/Code/JRNN/include/JRNN" -I"/Users/jreeder/Code/JRNN/include/PyJRNN" -I/usr/local/include/python2.7 -I/Users/jreeder/Code/json-spirit/json_spirit -I/usr/local/lib/python2.7/site-packages/PyUblas-2011.1-py2.7-macosx-10.8-x86_64.egg/include -I/Users/jreeder/Code/src/numpy/numpy/core/include -O0 -g3 -Wall -c -fmessage-length=0 -MMD -MP -MF"src/networks/pyffmlpnetwork.d" -MT"src/networks/pyffmlpnetwork.d" -o "src/networks/pyffmlpnetwork.o" "/Users/jreeder/Code/JRNN/src/PyJRNN/networks/pyffmlpnetwork.cpp"
In file included from /Users/jreeder/Code/src/numpy/numpy/core/include/numpy/ndarraytypes.h:1725,
                 from /Users/jreeder/Code/src/numpy/numpy/core/include/numpy/ndarrayobject.h:17,
                 from /Users/jreeder/Code/src/numpy/numpy/core/include/numpy/arrayobject.h:15,
                 from /usr/local/lib/python2.7/site-packages/PyUblas-2011.1-py2.7-macosx-10.8-x86_64.egg/include/pyublas/numpy.hpp:40,
                 from /Users/jreeder/Code/JRNN/include/JRNN/JRNN.h:40,
                 from /Users/jreeder/Code/JRNN/include/JRNN/networks/FFMLPNetwork.h:11,
                 from /Users/jreeder/Code/JRNN/src/PyJRNN/networks/pyffmlpnetwork.cpp:10:
/Users/jreeder/Code/src/numpy/numpy/core/include/numpy/npy_deprecated_api.h:11:2: warning: #warning "Using deprecated NumPy API, disable it by #defining NPY_NO_DEPRECATED_API NPY_1_7_API_VERSION"
In file included from /Users/jreeder/Code/JRNN/include/JRNN/JRNN.h:93,
                 from /Users/jreeder/Code/JRNN/include/JRNN/networks/FFMLPNetwork.h:11,
                 from /Users/jreeder/Code/JRNN/src/PyJRNN/networks/pyffmlpnetwork.cpp:10:
/Users/jreeder/Code/JRNN/include/JRNN/utility/utility.h: In function 'JRNN::vecDouble JRNN::ConcatVec(JRNN::vecDouble, JRNN::vecDouble)':
/Users/jreeder/Code/JRNN/include/JRNN/utility/utility.h:89: warning: unused variable 'newSize'
Finished building: /Users/jreeder/Code/JRNN/src/PyJRNN/networks/pyffmlpnetwork.cpp
 
Building file: /Users/jreeder/Code/JRNN/src/PyJRNN/networks/pynetwork.cpp
Invoking: GCC C++ Compiler
g++ -DJRNN_USE_NUMPY_FOR_PYTHON_BINDING -I"/Users/jreeder/Code/JRNN/include/JRNN" -I"/Users/jreeder/Code/JRNN/include/PyJRNN" -I/usr/local/include/python2.7 -I/Users/jreeder/Code/json-spirit/json_spirit -I/usr/local/lib/python2.7/site-packages/PyUblas-2011.1-py2.7-macosx-10.8-x86_64.egg/include -I/Users/jreeder/Code/src/numpy/numpy/core/include -O0 -g3 -Wall -c -fmessage-length=0 -MMD -MP -MF"src/networks/pynetwork.d" -MT"src/networks/pynetwork.d" -o "src/networks/pynetwork.o" "/Users/jreeder/Code/JRNN/src/PyJRNN/networks/pynetwork.cpp"
In file included from /Users/jreeder/Code/src/numpy/numpy/core/include/numpy/ndarraytypes.h:1725,
                 from /Users/jreeder/Code/src/numpy/numpy/core/include/numpy/ndarrayobject.h:17,
                 from /Users/jreeder/Code/src/numpy/numpy/core/include/numpy/arrayobject.h:15,
                 from /usr/local/lib/python2.7/site-packages/PyUblas-2011.1-py2.7-macosx-10.8-x86_64.egg/include/pyublas/numpy.hpp:40,
                 from /Users/jreeder/Code/JRNN/include/JRNN/JRNN.h:40,
                 from /Users/jreeder/Code/JRNN/include/JRNN/structure/network.h:11,
                 from /Users/jreeder/Code/JRNN/include/PyJRNN/networks/pynetworkshelper.h:16,
                 from /Users/jreeder/Code/JRNN/src/PyJRNN/networks/pynetwork.cpp:10:
/Users/jreeder/Code/src/numpy/numpy/core/include/numpy/npy_deprecated_api.h:11:2: warning: #warning "Using deprecated NumPy API, disable it by #defining NPY_NO_DEPRECATED_API NPY_1_7_API_VERSION"
In file included from /Users/jreeder/Code/JRNN/include/JRNN/JRNN.h:93,
                 from /Users/jreeder/Code/JRNN/include/JRNN/structure/network.h:11,
                 from /Users/jreeder/Code/JRNN/include/PyJRNN/networks/pynetworkshelper.h:16,
                 from /Users/jreeder/Code/JRNN/src/PyJRNN/networks/pynetwork.cpp:10:
/Users/jreeder/Code/JRNN/include/JRNN/utility/utility.h: In function 'JRNN::vecDouble JRNN::ConcatVec(JRNN::vecDouble, JRNN::vecDouble)':
/Users/jreeder/Code/JRNN/include/JRNN/utility/utility.h:89: warning: unused variable 'newSize'
Finished building: /Users/jreeder/Code/JRNN/src/PyJRNN/networks/pynetwork.cpp
 
Building file: /Users/jreeder/Code/JRNN/src/PyJRNN/networks/pyrevccnetwork.cpp
Invoking: GCC C++ Compiler
g++ -DJRNN_USE_NUMPY_FOR_PYTHON_BINDING -I"/Users/jreeder/Code/JRNN/include/JRNN" -I"/Users/jreeder/Code/JRNN/include/PyJRNN" -I/usr/local/include/python2.7 -I/Users/jreeder/Code/json-spirit/json_spirit -I/usr/local/lib/python2.7/site-packages/PyUblas-2011.1-py2.7-macosx-10.8-x86_64.egg/include -I/Users/jreeder/Code/src/numpy/numpy/core/include -O0 -g3 -Wall -c -fmessage-length=0 -MMD -MP -MF"src/networks/pyrevccnetwork.d" -MT"src/networks/pyrevccnetwork.d" -o "src/networks/pyrevccnetwork.o" "/Users/jreeder/Code/JRNN/src/PyJRNN/networks/pyrevccnetwork.cpp"
In file included from /Users/jreeder/Code/src/numpy/numpy/core/include/numpy/ndarraytypes.h:1725,
                 from /Users/jreeder/Code/src/numpy/numpy/core/include/numpy/ndarrayobject.h:17,
                 from /Users/jreeder/Code/src/numpy/numpy/core/include/numpy/arrayobject.h:15,
                 from /usr/local/lib/python2.7/site-packages/PyUblas-2011.1-py2.7-macosx-10.8-x86_64.egg/include/pyublas/numpy.hpp:40,
                 from /Users/jreeder/Code/JRNN/include/JRNN/JRNN.h:40,
                 from /Users/jreeder/Code/JRNN/include/JRNN/structure/network.h:11,
                 from /Users/jreeder/Code/JRNN/include/PyJRNN/networks/pynetworkshelper.h:16,
                 from /Users/jreeder/Code/JRNN/src/PyJRNN/networks/pyrevccnetwork.cpp:10:
/Users/jreeder/Code/src/numpy/numpy/core/include/numpy/npy_deprecated_api.h:11:2: warning: #warning "Using deprecated NumPy API, disable it by #defining NPY_NO_DEPRECATED_API NPY_1_7_API_VERSION"
In file included from /Users/jreeder/Code/JRNN/include/JRNN/JRNN.h:93,
                 from /Users/jreeder/Code/JRNN/include/JRNN/structure/network.h:11,
                 from /Users/jreeder/Code/JRNN/include/PyJRNN/networks/pynetworkshelper.h:16,
                 from /Users/jreeder/Code/JRNN/src/PyJRNN/networks/pyrevccnetwork.cpp:10:
/Users/jreeder/Code/JRNN/include/JRNN/utility/utility.h: In function 'JRNN::vecDouble JRNN::ConcatVec(JRNN::vecDouble, JRNN::vecDouble)':
/Users/jreeder/Code/JRNN/include/JRNN/utility/utility.h:89: warning: unused variable 'newSize'
Finished building: /Users/jreeder/Code/JRNN/src/PyJRNN/networks/pyrevccnetwork.cpp
 
Building file: /Users/jreeder/Code/JRNN/src/PyJRNN/PyJRNN.cpp
Invoking: GCC C++ Compiler
g++ -DJRNN_USE_NUMPY_FOR_PYTHON_BINDING -I"/Users/jreeder/Code/JRNN/include/JRNN" -I"/Users/jreeder/Code/JRNN/include/PyJRNN" -I/usr/local/include/python2.7 -I/Users/jreeder/Code/json-spirit/json_spirit -I/usr/local/lib/python2.7/site-packages/PyUblas-2011.1-py2.7-macosx-10.8-x86_64.egg/include -I/Users/jreeder/Code/src/numpy/numpy/core/include -O0 -g3 -Wall -c -fmessage-length=0 -MMD -MP -MF"src/PyJRNN.d" -MT"src/PyJRNN.d" -o "src/PyJRNN.o" "/Users/jreeder/Code/JRNN/src/PyJRNN/PyJRNN.cpp"
In file included from /Users/jreeder/Code/src/numpy/numpy/core/include/numpy/ndarraytypes.h:1725,
                 from /Users/jreeder/Code/src/numpy/numpy/core/include/numpy/ndarrayobject.h:17,
                 from /Users/jreeder/Code/src/numpy/numpy/core/include/numpy/arrayobject.h:15,
                 from /usr/local/lib/python2.7/site-packages/PyUblas-2011.1-py2.7-macosx-10.8-x86_64.egg/include/pyublas/numpy.hpp:40,
                 from /Users/jreeder/Code/JRNN/include/JRNN/JRNN.h:40,
                 from /Users/jreeder/Code/JRNN/include/PyJRNN/JRNNTypeDefs.h:19,
                 from /Users/jreeder/Code/JRNN/src/PyJRNN/PyJRNN.cpp:12:
/Users/jreeder/Code/src/numpy/numpy/core/include/numpy/npy_deprecated_api.h:11:2: warning: #warning "Using deprecated NumPy API, disable it by #defining NPY_NO_DEPRECATED_API NPY_1_7_API_VERSION"
In file included from /Users/jreeder/Code/JRNN/include/JRNN/JRNN.h:93,
                 from /Users/jreeder/Code/JRNN/include/PyJRNN/JRNNTypeDefs.h:19,
                 from /Users/jreeder/Code/JRNN/src/PyJRNN/PyJRNN.cpp:12:
/Users/jreeder/Code/JRNN/include/JRNN/utility/utility.h: In function 'JRNN::vecDouble JRNN::ConcatVec(JRNN::vecDouble, JRNN::vecDouble)':
/Users/jreeder/Code/JRNN/include/JRNN/utility/utility.h:89: warning: unused variable 'newSize'
Finished building: /Users/jreeder/Code/JRNN/src/PyJRNN/PyJRNN.cpp
 
Building target: PyJRNN.so
Invoking: MacOS X C++ Linker
g++ -L/usr/local/lib -L/Users/jreeder/Code/src/numpy/numpy/core/lib -L"/Users/jreeder/Code/JRNN/Builds/Eclipse/JRNN/DebugPython" -dynamiclib -o "PyJRNN.so"  ./src/utility/pycsmtldataset.o ./src/utility/pydataset.o ./src/utility/pymtldataset.o ./src/utility/pyserialization.o  ./src/trainers/pybackproptrainer.o ./src/trainers/pycctrainer.o ./src/trainers/pyrevcctrainer.o ./src/trainers/pyrproptrainer.o  ./src/networks/pyccnetwork.o ./src/networks/pyffmlpnetwork.o ./src/networks/pynetwork.o ./src/networks/pyrevccnetwork.o  ./src/PyJRNN.o   -lboost_python -lpython2.7 -lJRNN_pd
Finished building target: PyJRNN.so
 
