03:13:00 **** Incremental Build of configuration Release for project PyJRNN ****
make all 
Building target: libPyJRNN.so
Invoking: MacOS X C++ Linker
g++ -L"/Users/jreeder/Code/JRNN/Builds/Eclipse/JRNN/ReleasePython" -L/usr/local/lib -L/usr/local/lib/python2.7/site-packages/numpy/core/lib -dynamiclib -o "libPyJRNN.so"  ./src/utility/pycsmtldataset.o ./src/utility/pydataset.o ./src/utility/pymtldataset.o ./src/utility/pyserialization.o  ./src/trainers/pybackproptrainer.o ./src/trainers/pycctrainer.o ./src/trainers/pyrevcctrainer.o ./src/trainers/pyrproptrainer.o  ./src/networks/pyccnetwork.o ./src/networks/pyffmlpnetwork.o ./src/networks/pynetwork.o ./src/networks/pyrevccnetwork.o  ./src/PyJRNN.o   -lboost_python -lpython2.7 -lJRNN_p
Undefined symbols for architecture x86_64:
  "_JRNN_PyUnique", referenced from:
      pyublas::numpy_array<double>::numpy_array(unsigned long)in libJRNN_p.a(mtldataset.o)
      pyublas::numpy_array<double>::numpy_array(unsigned long)in libJRNN_p.a(csmtldataset.o)
      pyublas::numpy_array<double>::numpy_array(unsigned long)in libJRNN_p.a(serialization.o)
      pyublas::numpy_array<double>::numpy_array(unsigned long)in libJRNN_p.a(RPropTrainer.o)
      pyublas::numpy_array<double>::numpy_array(unsigned long)in libJRNN_p.a(RevCCTrainer.o)
      pyublas::numpy_array<double>::numpy_array(unsigned long)in libJRNN_p.a(BackPropTrainer.o)
      pyublas::numpy_array<double>::numpy_array(unsigned long)in libJRNN_p.a(dataset.o)
      ...
  "JRNN::CSMTLDataset::AddMatDoublesToTask(std::vector<boost::numeric::ublas::vector<double, boost::numeric::ublas::unbounded_array<double, std::allocator<double> > >, std::allocator<boost::numeric::ublas::vector<double, boost::numeric::ublas::unbounded_array<double, std::allocator<double> > > > >&, std::vector<boost::numeric::ublas::vector<double, boost::numeric::ublas::unbounded_array<double, std::allocator<double> > >, std::allocator<boost::numeric::ublas::vector<double, boost::numeric::ublas::unbounded_array<double, std::allocator<double> > > > >&, std::basic_string<char, std::char_traits<char>, std::allocator<char> >)", referenced from:
      exportCSMTLDataset()     in pycsmtldataset.o
  "JRNN::CSMTLDataset::AddVecDoublesToTask(boost::numeric::ublas::vector<double, boost::numeric::ublas::unbounded_array<double, std::allocator<double> > >, boost::numeric::ublas::vector<double, boost::numeric::ublas::unbounded_array<double, std::allocator<double> > >, std::basic_string<char, std::char_traits<char>, std::allocator<char> >)", referenced from:
      exportCSMTLDataset()     in pycsmtldataset.o
  "JRNN::RevCCTrainer::Activate(boost::numeric::ublas::vector<double, boost::numeric::ublas::unbounded_array<double, std::allocator<double> > >)", referenced from:
      exportRevCCTrainer()     in pyrevcctrainer.o
  "JRNN::Dataset::LoadFromMatDoubles(std::vector<boost::numeric::ublas::vector<double, boost::numeric::ublas::unbounded_array<double, std::allocator<double> > >, std::allocator<boost::numeric::ublas::vector<double, boost::numeric::ublas::unbounded_array<double, std::allocator<double> > > > >&, std::vector<boost::numeric::ublas::vector<double, boost::numeric::ublas::unbounded_array<double, std::allocator<double> > >, std::allocator<boost::numeric::ublas::vector<double, boost::numeric::ublas::unbounded_array<double, std::allocator<double> > > > >&, bool)", referenced from:
      Dataset_lfmd_overloads::non_void_return_type::gen<boost::mpl::vector5<void, JRNN::Dataset&, std::vector<boost::numeric::ublas::vector<double, boost::numeric::ublas::unbounded_array<double, std::allocator<double> > >, std::allocator<boost::numeric::ublas::vector<double, boost::numeric::ublas::unbounded_array<double, std::allocator<double> > > > >&, std::vector<boost::numeric::ublas::vector<double, boost::numeric::ublas::unbounded_array<double, std::allocator<double> > >, std::allocator<boost::numeric::ublas::vector<double, boost::numeric::ublas::unbounded_array<double, std::allocator<double> > > > >&, bool> >::func_1(JRNN::Dataset&, std::vector<boost::numeric::ublas::vector<double, boost::numeric::ublas::unbounded_array<double, std::allocator<double> > >, std::allocator<boost::numeric::ublas::vector<double, boost::numeric::ublas::unbounded_array<double, std::allocator<double> > > > >&, std::vector<boost::numeric::ublas::vector<double, boost::numeric::ublas::unbounded_array<double, std::allocator<double> > >, std::allocator<boost::numeric::ublas::vector<double, boost::numeric::ublas::unbounded_array<double, std::allocator<double> > > > >&, bool)in pydataset.o
      Dataset_lfmd_overloads::non_void_return_type::gen<boost::mpl::vector5<void, JRNN::Dataset&, std::vector<boost::numeric::ublas::vector<double, boost::numeric::ublas::unbounded_array<double, std::allocator<double> > >, std::allocator<boost::numeric::ublas::vector<double, boost::numeric::ublas::unbounded_array<double, std::allocator<double> > > > >&, std::vector<boost::numeric::ublas::vector<double, boost::numeric::ublas::unbounded_array<double, std::allocator<double> > >, std::allocator<boost::numeric::ublas::vector<double, boost::numeric::ublas::unbounded_array<double, std::allocator<double> > > > >&, bool> >::func_0(JRNN::Dataset&, std::vector<boost::numeric::ublas::vector<double, boost::numeric::ublas::unbounded_array<double, std::allocator<double> > >, std::allocator<boost::numeric::ublas::vector<double, boost::numeric::ublas::unbounded_array<double, std::allocator<double> > > > >&, std::vector<boost::numeric::ublas::vector<double, boost::numeric::ublas::unbounded_array<double, std::allocator<double> > >, std::allocator<boost::numeric::ublas::vector<double, boost::numeric::ublas::unbounded_array<double, std::allocator<double> > > > >&)in pydataset.o
  "JRNN::Network::Activate(boost::numeric::ublas::vector<double, boost::numeric::ublas::unbounded_array<double, std::allocator<double> > >)", referenced from:
      NetWrap::default_Activate(boost::numeric::ublas::vector<double, boost::numeric::ublas::unbounded_array<double, std::allocator<double> > >)in pynetwork.o
ld: symbol(s) not found for architecture x86_64
collect2: ld returned 1 exit status
make: *** [libPyJRNN.so] Error 1

03:13:01 Build Finished (took 583ms)

